<?xml version="1.0" encoding="UTF-8"?>
<!-- Generated by org.testng.reporters.JUnitReportReporter -->
<testsuite hostname="Selenium-W2A" name="com.Mobilegrid.MobileGrid" tests="2" failures="0" timestamp="24 Mar 2015 13:28:35 GMT" time="10.293" errors="0">
  <testcase name="selendroidAppTest" time="5.482" classname="com.Mobilegrid.MobileGrid"/>
  <testcase name="selendroidAppTest_1" time="4.811" classname="com.Mobilegrid.MobileGrid"/>
</testsuite> <!-- com.Mobilegrid.MobileGrid -->
