<?xml version="1.0" encoding="UTF-8"?>
<!-- Generated by org.testng.reporters.JUnitReportReporter -->
<testsuite skipped="0" hostname="DESKTOP-I2FKUVF" name="appiumTest.preinstalled" tests="2" failures="0" timestamp="09 Jul 2018 20:26:47 GMT" time="13.005" errors="0">
  <testcase name="preinstalledapp" time="6.606" classname="appiumTest.preinstalled"/>
  <testcase name="preinstalledapp" time="6.399" classname="appiumTest.preinstalled"/>
</testsuite> <!-- appiumTest.preinstalled -->
