<?xml version="1.0" encoding="UTF-8"?>
<!-- Generated by org.testng.reporters.JUnitReportReporter -->
<testsuite skipped="0" hostname="DESKTOP-I2FKUVF" name="appiumTest.BrightnessControl" tests="2" failures="0" timestamp="09 Jul 2018 19:54:32 GMT" time="8.053" errors="0">
  <testcase name="brightnessControl" time="3.787" classname="appiumTest.BrightnessControl"/>
  <testcase name="brightnessControl" time="4.266" classname="appiumTest.BrightnessControl"/>
</testsuite> <!-- appiumTest.BrightnessControl -->
